25 Jul 2022 21:19:20 ITestListener:14 - testFakeLogin1 started
25 Jul 2022 21:19:26 ITestListener:19 - testFakeLogin1 passed
25 Jul 2022 21:19:26 ITestListener:14 - testFakeLogin2 started
25 Jul 2022 21:19:26 ITestListener:19 - testFakeLogin2 passed
25 Jul 2022 21:19:26 ITestListener:14 - testFakeLogin3 started
25 Jul 2022 21:19:27 ITestListener:19 - testFakeLogin3 passed
25 Jul 2022 21:19:27 ITestListener:14 - testFakeLogin4 started
25 Jul 2022 21:19:27 ITestListener:19 - testFakeLogin4 passed
25 Jul 2022 21:19:27 ITestListener:14 - testFakeLogin5 started
25 Jul 2022 21:19:27 ITestListener:19 - testFakeLogin5 passed
25 Jul 2022 21:19:27 ITestListener:14 - testLogin started
25 Jul 2022 21:19:27 ITestListener:19 - testLogin passed
25 Jul 2022 21:19:27 ITestListener:14 - testPassword started
25 Jul 2022 21:19:28 ITestListener:19 - testPassword passed
25 Jul 2022 21:19:28 ITestListener:14 - testEnter started
25 Jul 2022 21:19:28 ITestListener:19 - testEnter passed
25 Jul 2022 21:19:28 ITestListener:14 - clickAdminButton started
25 Jul 2022 21:19:28 ITestListener:19 - clickAdminButton passed
25 Jul 2022 21:19:28 ITestListener:14 - userButton started
25 Jul 2022 21:19:29 ITestListener:19 - userButton passed
25 Jul 2022 21:19:29 ITestListener:14 - dropDownStation started
25 Jul 2022 21:19:29 ITestListener:19 - dropDownStation passed
25 Jul 2022 21:19:29 ITestListener:14 - chooseStation started
25 Jul 2022 21:19:29 ITestListener:19 - chooseStation passed
25 Jul 2022 21:19:29 ITestListener:14 - dropDownUsers started
25 Jul 2022 21:19:29 ITestListener:19 - dropDownUsers passed
25 Jul 2022 21:19:29 ITestListener:14 - selectUsers started
25 Jul 2022 21:19:29 ITestListener:19 - selectUsers passed
25 Jul 2022 21:19:29 ITestListener:14 - editButtonClick1 started
25 Jul 2022 21:19:29 ITestListener:24 - Failed because of - org.openqa.selenium.StaleElementReferenceException: stale element reference: element is not attached to the page document
  (Session info: chrome=103.0.5060.134)
For documentation on this error, please visit: https://selenium.dev/exceptions/#stale_element_reference
Build info: version: '4.1.2', revision: '9a5a329c5a'
System info: host: 'DESKTOP-BDGRAGL', ip: '192.168.56.1', os.name: 'Windows 10', os.arch: 'amd64', os.version: '10.0', java.version: '17.0.2'
Driver info: org.openqa.selenium.chrome.ChromeDriver
Command: [c3f5a4a1b1e35299cc7c7cecd4416714, clickElement {id=929bbba7-ff48-485c-ad63-9d6acc2b88cb}]
Capabilities {acceptInsecureCerts: false, browserName: chrome, browserVersion: 103.0.5060.134, chrome: {chromedriverVersion: 103.0.5060.134 (8ec6fce403b..., userDataDir: C:\Users\User\AppData\Local...}, goog:chromeOptions: {debuggerAddress: localhost:60535}, javascriptEnabled: true, networkConnectionEnabled: false, pageLoadStrategy: normal, platform: WINDOWS, platformName: WINDOWS, proxy: Proxy(), se:cdp: ws://localhost:60535/devtoo..., se:cdpVersion: 103.0.5060.134, setWindowRect: true, strictFileInteractability: false, timeouts: {implicit: 0, pageLoad: 300000, script: 30000}, unhandledPromptBehavior: dismiss and notify, webauthn:extension:credBlob: true, webauthn:extension:largeBlob: true, webauthn:virtualAuthenticators: true}
Element: [[ChromeDriver: chrome on WINDOWS (c3f5a4a1b1e35299cc7c7cecd4416714)] -> css selector: #dataTables_users > tbody > tr:nth-child(4) > td.text-center > a]
Session ID: c3f5a4a1b1e35299cc7c7cecd4416714
25 Jul 2022 21:19:29 ITestListener:14 - generatePassBut started
25 Jul 2022 21:19:29 ITestListener:29 - Skipped because of - java.io.IOException: Cannot create directory 'D:\Armen\automation\test-103\screenShots'.
25 Jul 2022 21:19:29 ITestListener:14 - confirmBut started
25 Jul 2022 21:19:29 ITestListener:29 - Skipped because of - java.io.IOException: Cannot create directory 'D:\Armen\automation\test-103\screenShots'.
25 Jul 2022 21:19:29 ITestListener:14 - pageChange started
25 Jul 2022 21:19:29 ITestListener:29 - Skipped because of - java.io.IOException: Cannot create directory 'D:\Armen\automation\test-103\screenShots'.
25 Jul 2022 21:19:29 ITestListener:14 - editButtonClick2 started
25 Jul 2022 21:19:29 ITestListener:29 - Skipped because of - java.io.IOException: Cannot create directory 'D:\Armen\automation\test-103\screenShots'.
25 Jul 2022 21:19:29 ITestListener:14 - inputName started
25 Jul 2022 21:19:29 ITestListener:29 - Skipped because of - java.io.IOException: Cannot create directory 'D:\Armen\automation\test-103\screenShots'.
25 Jul 2022 21:19:29 ITestListener:14 - onLineRole1 started
25 Jul 2022 21:19:29 ITestListener:29 - Skipped because of - java.io.IOException: Cannot create directory 'D:\Armen\automation\test-103\screenShots'.
25 Jul 2022 21:19:29 ITestListener:14 - onRole1 started
25 Jul 2022 21:19:29 ITestListener:29 - Skipped because of - java.io.IOException: Cannot create directory 'D:\Armen\automation\test-103\screenShots'.
25 Jul 2022 21:19:29 ITestListener:14 - onLineRole2 started
25 Jul 2022 21:19:29 ITestListener:29 - Skipped because of - java.io.IOException: Cannot create directory 'D:\Armen\automation\test-103\screenShots'.
25 Jul 2022 21:19:29 ITestListener:14 - onRole2 started
25 Jul 2022 21:19:29 ITestListener:29 - Skipped because of - java.io.IOException: Cannot create directory 'D:\Armen\automation\test-103\screenShots'.
25 Jul 2022 21:19:29 ITestListener:14 - failedConfirmBut started
25 Jul 2022 21:19:29 ITestListener:29 - Skipped because of - java.io.IOException: Cannot create directory 'D:\Armen\automation\test-103\screenShots'.
25 Jul 2022 21:19:29 ITestListener:14 - messagePageOn started
25 Jul 2022 21:19:30 ITestListener:19 - messagePageOn passed
25 Jul 2022 21:19:30 ITestListener:14 - roleLineClick1 started
25 Jul 2022 21:19:30 ITestListener:19 - roleLineClick1 passed
25 Jul 2022 21:19:30 ITestListener:14 - role1Click started
25 Jul 2022 21:19:30 ITestListener:19 - role1Click passed
25 Jul 2022 21:19:30 ITestListener:14 - roleLineClick2 started
25 Jul 2022 21:19:30 ITestListener:19 - roleLineClick2 passed
25 Jul 2022 21:19:30 ITestListener:14 - role2Click started
25 Jul 2022 21:19:30 ITestListener:19 - role2Click passed
25 Jul 2022 21:19:30 ITestListener:14 - userLineClick1 started
25 Jul 2022 21:19:30 ITestListener:19 - userLineClick1 passed
25 Jul 2022 21:19:30 ITestListener:14 - user1Click started
25 Jul 2022 21:19:30 ITestListener:19 - user1Click passed
25 Jul 2022 21:19:30 ITestListener:14 - userLineClick2 started
25 Jul 2022 21:19:30 ITestListener:19 - userLineClick2 passed
25 Jul 2022 21:19:30 ITestListener:14 - user2Click started
25 Jul 2022 21:19:30 ITestListener:19 - user2Click passed
25 Jul 2022 21:19:30 ITestListener:14 - textType started
25 Jul 2022 21:19:30 ITestListener:19 - textType passed
25 Jul 2022 21:19:30 ITestListener:14 - clickConfirmButton started
25 Jul 2022 21:19:31 ITestListener:19 - clickConfirmButton passed
25 Jul 2022 21:19:31 ITestListener:14 - toNetWork started
25 Jul 2022 21:19:31 ITestListener:19 - toNetWork passed
25 Jul 2022 21:19:31 ITestListener:14 - onAdd started
25 Jul 2022 21:19:32 ITestListener:19 - onAdd passed
25 Jul 2022 21:19:32 ITestListener:14 - inputName started
25 Jul 2022 21:19:32 ITestListener:19 - inputName passed
25 Jul 2022 21:19:32 ITestListener:14 - onSubmit started
25 Jul 2022 21:19:32 ITestListener:19 - onSubmit passed
25 Jul 2022 21:19:32 ITestListener:14 - deleteNetWork started
25 Jul 2022 21:19:33 ITestListener:19 - deleteNetWork passed
25 Jul 2022 21:19:33 ITestListener:14 - confirmDeleteNetWork started
25 Jul 2022 21:19:33 ITestListener:19 - confirmDeleteNetWork passed
25 Jul 2022 21:19:33 ITestListener:14 - clickOnOtherDropDown started
25 Jul 2022 21:19:33 ITestListener:19 - clickOnOtherDropDown passed
25 Jul 2022 21:19:33 ITestListener:14 - clickOnJournalPage started
25 Jul 2022 21:19:34 ITestListener:19 - clickOnJournalPage passed
25 Jul 2022 21:20:22 ITestListener:14 - testFakeLogin1 started
25 Jul 2022 21:20:28 ITestListener:19 - testFakeLogin1 passed
25 Jul 2022 21:20:28 ITestListener:14 - testFakeLogin2 started
25 Jul 2022 21:20:28 ITestListener:19 - testFakeLogin2 passed
25 Jul 2022 21:20:28 ITestListener:14 - testFakeLogin3 started
25 Jul 2022 21:20:28 ITestListener:19 - testFakeLogin3 passed
25 Jul 2022 21:20:28 ITestListener:14 - testFakeLogin4 started
25 Jul 2022 21:20:29 ITestListener:19 - testFakeLogin4 passed
25 Jul 2022 21:20:29 ITestListener:14 - testFakeLogin5 started
25 Jul 2022 21:20:29 ITestListener:19 - testFakeLogin5 passed
25 Jul 2022 21:20:29 ITestListener:14 - testLogin started
25 Jul 2022 21:20:29 ITestListener:19 - testLogin passed
25 Jul 2022 21:20:29 ITestListener:14 - testPassword started
25 Jul 2022 21:20:29 ITestListener:19 - testPassword passed
25 Jul 2022 21:20:29 ITestListener:14 - testEnter started
25 Jul 2022 21:20:30 ITestListener:19 - testEnter passed
25 Jul 2022 21:20:30 ITestListener:14 - clickAdminButton started
25 Jul 2022 21:20:30 ITestListener:19 - clickAdminButton passed
25 Jul 2022 21:20:30 ITestListener:14 - userButton started
25 Jul 2022 21:20:31 ITestListener:19 - userButton passed
25 Jul 2022 21:20:31 ITestListener:14 - dropDownStation started
25 Jul 2022 21:20:31 ITestListener:19 - dropDownStation passed
25 Jul 2022 21:20:31 ITestListener:14 - chooseStation started
25 Jul 2022 21:20:31 ITestListener:19 - chooseStation passed
25 Jul 2022 21:20:31 ITestListener:14 - dropDownUsers started
25 Jul 2022 21:20:31 ITestListener:19 - dropDownUsers passed
25 Jul 2022 21:20:31 ITestListener:14 - selectUsers started
25 Jul 2022 21:20:32 ITestListener:19 - selectUsers passed
25 Jul 2022 21:20:32 ITestListener:14 - editButtonClick1 started
25 Jul 2022 21:20:32 ITestListener:19 - editButtonClick1 passed
25 Jul 2022 21:20:32 ITestListener:14 - generatePassBut started
25 Jul 2022 21:20:32 ITestListener:19 - generatePassBut passed
25 Jul 2022 21:20:32 ITestListener:14 - confirmBut started
25 Jul 2022 21:20:33 ITestListener:19 - confirmBut passed
25 Jul 2022 21:20:33 ITestListener:14 - pageChange started
25 Jul 2022 21:20:33 ITestListener:19 - pageChange passed
25 Jul 2022 21:20:33 ITestListener:14 - editButtonClick2 started
25 Jul 2022 21:20:34 ITestListener:19 - editButtonClick2 passed
25 Jul 2022 21:20:34 ITestListener:14 - inputName started
25 Jul 2022 21:20:34 ITestListener:19 - inputName passed
25 Jul 2022 21:20:34 ITestListener:14 - onLineRole1 started
25 Jul 2022 21:20:34 ITestListener:19 - onLineRole1 passed
25 Jul 2022 21:20:34 ITestListener:14 - onRole1 started
25 Jul 2022 21:20:34 ITestListener:19 - onRole1 passed
25 Jul 2022 21:20:34 ITestListener:14 - onLineRole2 started
25 Jul 2022 21:20:34 ITestListener:19 - onLineRole2 passed
25 Jul 2022 21:20:34 ITestListener:14 - onRole2 started
25 Jul 2022 21:20:35 ITestListener:19 - onRole2 passed
25 Jul 2022 21:20:35 ITestListener:14 - failedConfirmBut started
25 Jul 2022 21:20:35 ITestListener:19 - failedConfirmBut passed
25 Jul 2022 21:20:35 ITestListener:14 - messagePageOn started
25 Jul 2022 21:20:35 ITestListener:19 - messagePageOn passed
25 Jul 2022 21:20:35 ITestListener:14 - roleLineClick1 started
25 Jul 2022 21:20:36 ITestListener:19 - roleLineClick1 passed
25 Jul 2022 21:20:36 ITestListener:14 - role1Click started
25 Jul 2022 21:20:36 ITestListener:19 - role1Click passed
25 Jul 2022 21:20:36 ITestListener:14 - roleLineClick2 started
25 Jul 2022 21:20:36 ITestListener:19 - roleLineClick2 passed
25 Jul 2022 21:20:36 ITestListener:14 - role2Click started
25 Jul 2022 21:20:36 ITestListener:19 - role2Click passed
25 Jul 2022 21:20:36 ITestListener:14 - userLineClick1 started
25 Jul 2022 21:20:37 ITestListener:19 - userLineClick1 passed
25 Jul 2022 21:20:37 ITestListener:14 - user1Click started
25 Jul 2022 21:20:37 ITestListener:19 - user1Click passed
25 Jul 2022 21:20:37 ITestListener:14 - userLineClick2 started
25 Jul 2022 21:20:37 ITestListener:19 - userLineClick2 passed
25 Jul 2022 21:20:37 ITestListener:14 - user2Click started
25 Jul 2022 21:20:38 ITestListener:19 - user2Click passed
25 Jul 2022 21:20:38 ITestListener:14 - textType started
25 Jul 2022 21:20:38 ITestListener:19 - textType passed
25 Jul 2022 21:20:38 ITestListener:14 - clickConfirmButton started
25 Jul 2022 21:20:38 ITestListener:19 - clickConfirmButton passed
25 Jul 2022 21:20:38 ITestListener:14 - toNetWork started
25 Jul 2022 21:20:38 ITestListener:19 - toNetWork passed
25 Jul 2022 21:20:38 ITestListener:14 - onAdd started
25 Jul 2022 21:20:39 ITestListener:19 - onAdd passed
25 Jul 2022 21:20:39 ITestListener:14 - inputName started
25 Jul 2022 21:20:39 ITestListener:19 - inputName passed
25 Jul 2022 21:20:39 ITestListener:14 - onSubmit started
25 Jul 2022 21:20:40 ITestListener:19 - onSubmit passed
25 Jul 2022 21:20:40 ITestListener:14 - deleteNetWork started
25 Jul 2022 21:20:40 ITestListener:19 - deleteNetWork passed
25 Jul 2022 21:20:40 ITestListener:14 - confirmDeleteNetWork started
25 Jul 2022 21:20:41 ITestListener:19 - confirmDeleteNetWork passed
25 Jul 2022 21:20:41 ITestListener:14 - clickOnOtherDropDown started
25 Jul 2022 21:20:41 ITestListener:19 - clickOnOtherDropDown passed
25 Jul 2022 21:20:41 ITestListener:14 - clickOnJournalPage started
25 Jul 2022 21:20:41 ITestListener:19 - clickOnJournalPage passed
26 Jul 2022 00:32:56 ITestListener:14 - testFakeLogin1 started
26 Jul 2022 00:33:02 ITestListener:19 - testFakeLogin1 passed
26 Jul 2022 00:33:02 ITestListener:14 - testFakeLogin2 started
26 Jul 2022 00:33:02 ITestListener:19 - testFakeLogin2 passed
26 Jul 2022 00:33:02 ITestListener:14 - testFakeLogin3 started
26 Jul 2022 00:33:02 ITestListener:19 - testFakeLogin3 passed
26 Jul 2022 00:33:02 ITestListener:14 - testFakeLogin4 started
26 Jul 2022 00:33:03 ITestListener:19 - testFakeLogin4 passed
26 Jul 2022 00:33:03 ITestListener:14 - testFakeLogin5 started
26 Jul 2022 00:33:03 ITestListener:19 - testFakeLogin5 passed
26 Jul 2022 00:33:03 ITestListener:14 - testLogin started
26 Jul 2022 00:33:03 ITestListener:19 - testLogin passed
26 Jul 2022 00:33:03 ITestListener:14 - testPassword started
26 Jul 2022 00:33:03 ITestListener:19 - testPassword passed
26 Jul 2022 00:33:03 ITestListener:14 - testEnter started
26 Jul 2022 00:33:04 ITestListener:19 - testEnter passed
26 Jul 2022 00:33:04 ITestListener:14 - clickAdminButton started
26 Jul 2022 00:33:04 ITestListener:19 - clickAdminButton passed
26 Jul 2022 00:33:04 ITestListener:14 - userButton started
26 Jul 2022 00:33:05 ITestListener:19 - userButton passed
26 Jul 2022 00:33:05 ITestListener:14 - dropDownStation started
26 Jul 2022 00:33:05 ITestListener:19 - dropDownStation passed
26 Jul 2022 00:33:05 ITestListener:14 - chooseStation started
26 Jul 2022 00:33:05 ITestListener:19 - chooseStation passed
26 Jul 2022 00:33:05 ITestListener:14 - dropDownUsers started
26 Jul 2022 00:33:06 ITestListener:19 - dropDownUsers passed
26 Jul 2022 00:33:06 ITestListener:14 - selectUsers started
26 Jul 2022 00:33:06 ITestListener:19 - selectUsers passed
26 Jul 2022 00:33:06 ITestListener:14 - editButtonClick1 started
26 Jul 2022 00:33:06 ITestListener:19 - editButtonClick1 passed
26 Jul 2022 00:33:06 ITestListener:14 - generatePassBut started
26 Jul 2022 00:33:06 ITestListener:19 - generatePassBut passed
26 Jul 2022 00:33:06 ITestListener:14 - confirmBut started
26 Jul 2022 00:33:07 ITestListener:19 - confirmBut passed
26 Jul 2022 00:33:07 ITestListener:14 - pageChange started
26 Jul 2022 00:33:07 ITestListener:19 - pageChange passed
26 Jul 2022 00:33:07 ITestListener:14 - editButtonClick2 started
26 Jul 2022 00:33:08 ITestListener:19 - editButtonClick2 passed
26 Jul 2022 00:33:08 ITestListener:14 - inputName started
26 Jul 2022 00:33:08 ITestListener:19 - inputName passed
26 Jul 2022 00:33:08 ITestListener:14 - onLineRole1 started
26 Jul 2022 00:33:08 ITestListener:19 - onLineRole1 passed
26 Jul 2022 00:33:08 ITestListener:14 - onRole1 started
26 Jul 2022 00:33:08 ITestListener:19 - onRole1 passed
26 Jul 2022 00:33:08 ITestListener:14 - onLineRole2 started
26 Jul 2022 00:33:08 ITestListener:19 - onLineRole2 passed
26 Jul 2022 00:33:08 ITestListener:14 - onRole2 started
26 Jul 2022 00:33:09 ITestListener:19 - onRole2 passed
26 Jul 2022 00:33:09 ITestListener:14 - failedConfirmBut started
26 Jul 2022 00:33:09 ITestListener:19 - failedConfirmBut passed
26 Jul 2022 00:33:09 ITestListener:14 - messagePageOn started
26 Jul 2022 00:33:09 ITestListener:19 - messagePageOn passed
26 Jul 2022 00:33:09 ITestListener:14 - roleLineClick1 started
26 Jul 2022 00:33:09 ITestListener:19 - roleLineClick1 passed
26 Jul 2022 00:33:09 ITestListener:14 - role1Click started
26 Jul 2022 00:33:10 ITestListener:19 - role1Click passed
26 Jul 2022 00:33:10 ITestListener:14 - roleLineClick2 started
26 Jul 2022 00:33:10 ITestListener:19 - roleLineClick2 passed
26 Jul 2022 00:33:10 ITestListener:14 - role2Click started
26 Jul 2022 00:33:10 ITestListener:19 - role2Click passed
26 Jul 2022 00:33:10 ITestListener:14 - userLineClick1 started
26 Jul 2022 00:33:11 ITestListener:19 - userLineClick1 passed
26 Jul 2022 00:33:11 ITestListener:14 - user1Click started
26 Jul 2022 00:33:11 ITestListener:19 - user1Click passed
26 Jul 2022 00:33:11 ITestListener:14 - userLineClick2 started
26 Jul 2022 00:33:11 ITestListener:19 - userLineClick2 passed
26 Jul 2022 00:33:11 ITestListener:14 - user2Click started
26 Jul 2022 00:33:11 ITestListener:19 - user2Click passed
26 Jul 2022 00:33:11 ITestListener:14 - textType started
26 Jul 2022 00:33:11 ITestListener:19 - textType passed
26 Jul 2022 00:33:11 ITestListener:14 - clickConfirmButton started
26 Jul 2022 00:33:12 ITestListener:19 - clickConfirmButton passed
26 Jul 2022 00:33:12 ITestListener:14 - toNetWork started
26 Jul 2022 00:33:12 ITestListener:19 - toNetWork passed
26 Jul 2022 00:33:12 ITestListener:14 - onAdd started
26 Jul 2022 00:33:13 ITestListener:19 - onAdd passed
26 Jul 2022 00:33:13 ITestListener:14 - inputName started
26 Jul 2022 00:33:13 ITestListener:19 - inputName passed
26 Jul 2022 00:33:13 ITestListener:14 - onSubmit started
26 Jul 2022 00:33:13 ITestListener:19 - onSubmit passed
26 Jul 2022 00:33:13 ITestListener:14 - deleteNetWork started
26 Jul 2022 00:33:14 ITestListener:19 - deleteNetWork passed
26 Jul 2022 00:33:14 ITestListener:14 - confirmDeleteNetWork started
26 Jul 2022 00:33:14 ITestListener:19 - confirmDeleteNetWork passed
26 Jul 2022 00:33:14 ITestListener:14 - clickOnOtherDropDown started
26 Jul 2022 00:33:15 ITestListener:19 - clickOnOtherDropDown passed
26 Jul 2022 00:33:15 ITestListener:14 - clickOnJournalPage started
26 Jul 2022 00:33:15 ITestListener:19 - clickOnJournalPage passed
